<?xml version="1.0" encoding="UTF-8"?>
<!-- Generated by org.testng.reporters.JUnitReportReporter -->
<testsuite hostname="DESKTOP-TFQ5ABU" failures="0" tests="1" name="bytemare.tests.FillingForm" time="10.681" errors="0" timestamp="05 Nov 2019 17:39:30 GMT" skipped="0">
  <testcase classname="bytemare.tests.FillingForm" name="ApplicationTest1" time="10.681"/>
</testsuite> <!-- bytemare.tests.FillingForm -->
