<?xml version="1.0" encoding="UTF-8"?>
<!-- Generated by org.testng.reporters.JUnitReportReporter -->
<testsuite hostname="DESKTOP-TFQ5ABU" failures="0" tests="1" name="bytemare.tests.FillingForm" time="8.487" errors="0" timestamp="19 Nov 2019 23:21:54 GMT" skipped="0">
  <testcase classname="bytemare.tests.FillingForm" name="ApplicationTest1" time="8.487"/>
</testsuite> <!-- bytemare.tests.FillingForm -->
