<?xml version="1.0" encoding="UTF-8"?>
<!-- Generated by org.testng.reporters.JUnitReportReporter -->
<testsuite hostname="DESKTOP-TFQ5ABU" failures="0" tests="1" name="bytemare.tests.DataBase" time="0.496" errors="0" timestamp="03 Nov 2019 22:19:54 GMT" skipped="0">
  <testcase classname="bytemare.tests.DataBase" name="test" time="0.496"/>
</testsuite> <!-- bytemare.tests.DataBase -->
