<?xml version="1.0" encoding="UTF-8"?>
<!-- Generated by org.testng.reporters.JUnitReportReporter -->
<testsuite hostname="DESKTOP-TFQ5ABU" failures="0" tests="1" name="bytemare.tests.DatabaseTesingDemo" time="0.493" errors="0" timestamp="03 Nov 2019 21:59:15 GMT" skipped="0">
  <testcase classname="bytemare.tests.DatabaseTesingDemo" name="test" time="0.493"/>
</testsuite> <!-- bytemare.tests.DatabaseTesingDemo -->
